TN:
SF:src/MetadataShuffler.js
FN:7,(anonymous_0)
FN:14,(anonymous_1)
FN:56,(anonymous_2)
FNF:3
FNH:3
FNDA:10,(anonymous_0)
FNDA:10,(anonymous_1)
FNDA:33,(anonymous_2)
DA:1,1
DA:2,1
DA:3,1
DA:8,10
DA:9,10
DA:10,8
DA:15,10
DA:16,10
DA:17,1
DA:19,9
DA:20,9
DA:21,1
DA:23,8
DA:24,1
DA:26,7
DA:27,7
DA:28,7
DA:29,5
DA:30,2
DA:33,2
DA:34,1
DA:37,6
DA:38,1
DA:41,5
DA:42,5
DA:44,1
DA:46,4
DA:47,1
DA:49,3
DA:50,3
DA:51,18
DA:56,3
DA:57,33
DA:58,33
DA:59,33
DA:61,3
DA:62,3
DA:63,18
DA:64,18
DA:65,12
DA:66,6
DA:68,12
DA:70,6
DA:73,3
DA:74,1
DA:76,3
DA:83,1
LF:47
LH:47
BRDA:9,0,0,8
BRDA:9,0,1,2
BRDA:16,1,0,1
BRDA:16,1,1,9
BRDA:16,2,0,10
BRDA:16,2,1,9
BRDA:20,3,0,1
BRDA:20,3,1,8
BRDA:23,4,0,1
BRDA:23,4,1,7
BRDA:23,5,0,8
BRDA:23,5,1,7
BRDA:28,6,0,5
BRDA:28,6,1,2
BRDA:29,7,0,2
BRDA:29,7,1,3
BRDA:33,8,0,1
BRDA:33,8,1,1
BRDA:37,9,0,1
BRDA:37,9,1,5
BRDA:37,10,0,6
BRDA:37,10,1,5
BRDA:46,11,0,1
BRDA:46,11,1,3
BRDA:59,12,0,9
BRDA:59,12,1,24
BRDA:59,13,0,24
BRDA:59,13,1,0
BRDA:64,14,0,12
BRDA:64,14,1,6
BRDA:65,15,0,6
BRDA:65,15,1,6
BRDA:73,16,0,1
BRDA:73,16,1,2
BRF:34
BRH:33
end_of_record
